<?xml version="1.0" encoding="UTF-8"?>
<!-- Generated by org.testng.reporters.JUnitReportReporter -->
<testsuite hostname="geetanjalis-MacBook-Air.local" failures="0" tests="1" name="qaclickacademy.SeleniumTest" time="0.002" errors="0" timestamp="2019-02-25T12:39:19 AEDT" skipped="0">
  <testcase classname="qaclickacademy.SeleniumTest" name="firsttestsel" time="0.002"/>
</testsuite> <!-- qaclickacademy.SeleniumTest -->
