<?xml version="1.0" encoding="UTF-8"?>
<!-- Generated by org.testng.reporters.JUnitReportReporter -->
<testsuite hostname="geetanjalis-MacBook-Air.local" failures="0" tests="1" name="qaclickacademy.RestAPITest" time="0.001" errors="0" timestamp="2019-02-25T12:39:19 AEDT" skipped="0">
  <testcase classname="qaclickacademy.RestAPITest" name="firsttestrest" time="0.001"/>
</testsuite> <!-- qaclickacademy.RestAPITest -->
